<?xml version="1.0" encoding="UTF-8"?>
<!-- Generated by org.testng.reporters.JUnitXMLReporter -->
<testsuite ignored="0" hostname="LAPTOP-BETQDR7S" failures="0" tests="7" name="Test" time="18.944" errors="0" timestamp="2025-10-08T01:07:40 IST">
  <testcase classname="testng_1.testcase1" name="openapp" time="0.043"/>
  <testcase classname="testng_1.testcase1" name="login" time="0.007"/>
  <testcase classname="testng_1.testcase1" name="logout" time="0.007"/>
  <testcase classname="testng_1.oranermtest" name="openapp" time="9.589"/>
  <testcase classname="testng_1.oranermtest" name="testlogo" time="0.129"/>
  <testcase classname="testng_1.oranermtest" name="SEARCHPRODUCT" time="8.182"/>
  <testcase classname="testng_1.oranermtest" name="closebrowser" time="0.752"/>
</testsuite> <!-- Test -->
