<?xml version="1.0" encoding="UTF-8"?>
<!-- Generated by org.testng.reporters.JUnitReportReporter -->
<testsuite hostname="LAPTOP-BETQDR7S" failures="0" tests="3" name="testng_1.testcase1" time="0.057" errors="0" timestamp="2025-10-08T01:07:40 IST" skipped="0">
  <testcase classname="testng_1.testcase1" name="openapp" time="0.043"/>
  <testcase classname="testng_1.testcase1" name="login" time="0.007"/>
  <testcase classname="testng_1.testcase1" name="logout" time="0.007"/>
</testsuite> <!-- testng_1.testcase1 -->
